2025-09-13 06:55:48:5548 [31merror[39m: [31mFailed to start server: Database connection failed[39m
2025-09-13 07:38:12:3812 [31merror[39m: [31mFailed to start server: Database connection failed[39m
2025-09-13 07:41:35:4135 [31merror[39m: [31mFailed to start server: Database connection failed[39m
2025-09-13 08:42:50:4250 [31merror[39m: [31mFailed to start server: Database connection failed[39m
2025-09-14 08:27:27:2727 [31merror[39m: [31mFailed to start server: Database connection failed[39m
2025-09-14 09:07:51:751 [31merror[39m: [31mError 404: Route /favicon.ico not found - URL: /favicon.ico - Method: GET - IP: 182.69.11.82[39m
2025-09-14 10:56:59:5659 [31merror[39m: [31m❌ Database seeding failed: Herb validation failed: properties.vipaka: Path `properties.vipaka` is required., properties.virya: Path `properties.virya` is required., description: Path `description` is required., name.botanical: Path `name.botanical` is required., name.telugu: Path `name.telugu` is required., name.english: Path `name.english` is required., name.sanskrit: Path `name.sanskrit` is required.[39m
2025-09-14 10:56:59:5659 [31merror[39m: [31mDatabase seeding failed: Herb validation failed: properties.vipaka: Path `properties.vipaka` is required., properties.virya: Path `properties.virya` is required., description: Path `description` is required., name.botanical: Path `name.botanical` is required., name.telugu: Path `name.telugu` is required., name.english: Path `name.english` is required., name.sanskrit: Path `name.sanskrit` is required.[39m
2025-09-14 10:59:13:5913 [31merror[39m: [31m❌ Database seeding failed: Herb validation failed: properties.vipaka: `कटु (Katu)` is not a valid enum value for path `properties.vipaka`., properties.virya: `उष्ण (Ushna)` is not a valid enum value for path `properties.virya`., properties.rasa.0: `कटु (Katu)` is not a valid enum value for path `properties.rasa.0`., properties.rasa.1: `तिक्त (Tikta)` is not a valid enum value for path `properties.rasa.1`., properties.guna.0: `रूक्ष (Ruksha)` is not a valid enum value for path `properties.guna.0`., properties.guna.1: `लघु (Laghu)` is not a valid enum value for path `properties.guna.1`., properties.dosha.0: `कफ-वात शामक (Kapha-Vata Shamak)` is not a valid enum value for path `properties.dosha.0`.[39m
2025-09-14 10:59:13:5913 [31merror[39m: [31mDatabase seeding failed: Herb validation failed: properties.vipaka: `कटु (Katu)` is not a valid enum value for path `properties.vipaka`., properties.virya: `उष्ण (Ushna)` is not a valid enum value for path `properties.virya`., properties.rasa.0: `कटु (Katu)` is not a valid enum value for path `properties.rasa.0`., properties.rasa.1: `तिक्त (Tikta)` is not a valid enum value for path `properties.rasa.1`., properties.guna.0: `रूक्ष (Ruksha)` is not a valid enum value for path `properties.guna.0`., properties.guna.1: `लघु (Laghu)` is not a valid enum value for path `properties.guna.1`., properties.dosha.0: `कफ-वात शामक (Kapha-Vata Shamak)` is not a valid enum value for path `properties.dosha.0`.[39m
2025-09-14 11:14:32:1432 [31merror[39m: [31m❌ Database seeding failed: Compound validation failed: iupacName: Path `iupacName` is required.[39m
2025-09-14 11:14:32:1432 [31merror[39m: [31mDatabase seeding failed: Compound validation failed: iupacName: Path `iupacName` is required.[39m
2025-09-14 11:15:55:1555 [31merror[39m: [31m❌ Database seeding failed: Compound validation failed: inchiKey: Invalid InChI Key format[39m
2025-09-14 11:15:55:1555 [31merror[39m: [31mDatabase seeding failed: Compound validation failed: inchiKey: Invalid InChI Key format[39m
2025-09-14 11:16:25:1625 [31merror[39m: [31m❌ Database seeding failed: Compound validation failed: inchiKey: Invalid InChI Key format[39m
2025-09-14 11:16:25:1625 [31merror[39m: [31mDatabase seeding failed: Compound validation failed: inchiKey: Invalid InChI Key format[39m
2025-09-14 11:19:44:1944 [31merror[39m: [31m❌ Database seeding failed: Literature validation failed: addedBy: Path `addedBy` is required., publication.year: Path `publication.year` (300) is less than minimum allowed value (1000).[39m
2025-09-14 11:19:44:1944 [31merror[39m: [31mDatabase seeding failed: Literature validation failed: addedBy: Path `addedBy` is required., publication.year: Path `publication.year` (300) is less than minimum allowed value (1000).[39m
2025-09-14 11:20:59:2059 [31merror[39m: [31m❌ Database seeding failed: Literature validation failed: studyType: `review` is not a valid enum value for path `studyType`.[39m
2025-09-14 11:20:59:2059 [31merror[39m: [31mDatabase seeding failed: Literature validation failed: studyType: `review` is not a valid enum value for path `studyType`.[39m
2025-09-14 11:21:34:2134 [31merror[39m: [31m❌ Database seeding failed: Literature validation failed: publication.year: Path `publication.year` (600) is less than minimum allowed value (1000).[39m
2025-09-14 11:21:34:2134 [31merror[39m: [31mDatabase seeding failed: Literature validation failed: publication.year: Path `publication.year` (600) is less than minimum allowed value (1000).[39m
2025-09-14 11:21:50:2150 [31merror[39m: [31m❌ Database seeding failed: Literature validation failed: publication.year: Path `publication.year` (600) is less than minimum allowed value (1000).[39m
2025-09-14 11:21:50:2150 [31merror[39m: [31mDatabase seeding failed: Literature validation failed: publication.year: Path `publication.year` (600) is less than minimum allowed value (1000).[39m
2025-09-14 11:22:15:2215 [31merror[39m: [31m❌ Database seeding failed: Agent validation failed: description: Path `description` is required., type: `literature` is not a valid enum value for path `type`.[39m
2025-09-14 11:23:55:2355 [31merror[39m: [31m❌ Database seeding failed: Agent validation failed: type: `cross_reference` is not a valid enum value for path `type`.[39m
2025-09-14 11:23:55:2355 [31merror[39m: [31mDatabase seeding failed: Agent validation failed: type: `cross_reference` is not a valid enum value for path `type`.[39m
2025-09-14 11:24:15:2415 [31merror[39m: [31m❌ Database seeding failed: Agent validation failed: type: `cross_reference` is not a valid enum value for path `type`.[39m
2025-09-14 11:24:15:2415 [31merror[39m: [31mDatabase seeding failed: Agent validation failed: type: `cross_reference` is not a valid enum value for path `type`.[39m
2025-09-14 11:24:56:2456 [31merror[39m: [31m❌ Database seeding failed: An equivalent index already exists with a different name and options. Requested index: { v: 2, key: { _fts: "text", _ftsx: 1 }, name: "herb_text_search", weights: { name: 10, sanskritName: 6, scientificName: 8, teluguName: 6 }, default_language: "english", language_override: "language", textIndexVersion: 3 }, existing index: { v: 2, key: { _fts: "text", _ftsx: 1 }, name: "name.sanskrit_text_name.english_text_name.telugu_text_name.botanical_text", background: true, weights: { name.botanical: 1, name.english: 1, name.sanskrit: 1, name.telugu: 1 }, default_language: "english", language_override: "language", textIndexVersion: 3 }[39m
2025-09-14 11:24:56:2456 [31merror[39m: [31mDatabase seeding failed: An equivalent index already exists with a different name and options. Requested index: { v: 2, key: { _fts: "text", _ftsx: 1 }, name: "herb_text_search", weights: { name: 10, sanskritName: 6, scientificName: 8, teluguName: 6 }, default_language: "english", language_override: "language", textIndexVersion: 3 }, existing index: { v: 2, key: { _fts: "text", _ftsx: 1 }, name: "name.sanskrit_text_name.english_text_name.telugu_text_name.botanical_text", background: true, weights: { name.botanical: 1, name.english: 1, name.sanskrit: 1, name.telugu: 1 }, default_language: "english", language_override: "language", textIndexVersion: 3 }[39m
2025-09-14 11:25:32:2532 [31merror[39m: [31m❌ Database seeding failed: language override unsupported: sanskrit[39m
2025-09-14 11:25:32:2532 [31merror[39m: [31mDatabase seeding failed: language override unsupported: sanskrit[39m
2025-09-14 11:32:41:3241 [31merror[39m: [31mError 404: Route /api/v1/herbs not found - URL: /api/v1/herbs - Method: GET - IP: ::1[39m
2025-09-14 11:33:03:333 [31merror[39m: [31mError 404: Route /api/v1/herbs not found - URL: /api/v1/herbs - Method: GET - IP: ::1[39m
2025-09-14 11:37:01:371 [31merror[39m: [31mError 500: Cannot read properties of undefined (reading 'find') - URL: /api/v1/compounds - Method: GET - IP: ::1[39m
2025-09-14 11:42:50:4250 [31merror[39m: [31mError 404: Route /api/v1/agents not found - URL: /api/v1/agents - Method: POST - IP: ::1[39m
2025-09-14 12:54:57:5457 [31merror[39m: [31mError 404: Route /favicon.ico not found - URL: /favicon.ico - Method: GET - IP: 182.69.11.82[39m
